[2019-05-21 12:41:27] local.INFO: D:\prg\PortalAnzali\public/logs/1/dadam.txt
[2019-05-21 12:41:27] local.INFO: dadam.txt
[2019-05-21 12:41:27] local.INFO: ﻿پایه و اساس طراحی خوب، توسط هرکسی می‌تواند یاد گرفته شود. در این راهنما ما دانش اولیه و نکته‌های کاربردی برای طراحی مناسب را مطرح خواهیم کرد.
[2019-05-21 12:41:36] local.INFO: D:\prg\PortalAnzali\public/logs/1/laravel.log
[2019-05-21 12:41:36] local.INFO: laravel.log
[2019-05-21 12:41:36] local.INFO: [2019-05-21 12:35:41] local.INFO: laravel.log
[2019-05-21 12:35:41] local.INFO: Resource id #287

[2019-05-21 12:41:27] local.INFO: D:\prg\PortalAnzali\public/logs/1/dadam.txt
[2019-05-21 12:41:27] local.INFO: dadam.txt
[2019-05-21 12:41:36] local.INFO: D:\prg\PortalAnzali\public/logs/1/laravel.log
[2019-05-21 12:41:36] local.INFO: laravel.log
[2019-05-21 12:41:36] local.INFO: [2019-05-21 12:35:41] local.INFO: laravel.log
[2019-05-21 12:35:41] local.INFO: Resource id #287


[2019-05-21 12:41:27] local.INFO: D:\prg\PortalAnzali\public/logs/1/dadam.txt
[2019-05-21 12:41:27] local.INFO: dadam.txt
[2019-05-21 12:41:36] local.INFO: D:\prg\PortalAnzali\public/logs/1/laravel.log
[2019-05-21 12:41:36] local.INFO: laravel.log
[2019-05-21 12:41:36] local.INFO: [2019-05-21 12:35:41] local.INFO: laravel.log
[2019-05-21 12:35:41] local.INFO: Resource id #287


[2019-05-21 12:41:27] local.INFO: D:\prg\PortalAnzali\public/logs/1/dadam.txt
[2019-05-21 12:41:27] local.INFO: dadam.txt
[2019-05-21 12:41:27] local.INFO: ﻿پایه و اساس طراحی خوب، توسط هرکسی می‌تواند یاد گرفته شود. در این راهنما ما دانش اولیه و نکته‌های کاربردی برای طراحی مناسب را مطرح خواهیم کرد.
[2019-05-21 12:41:36] local.INFO: D:\prg\PortalAnzali\public/logs/1/laravel.log
[2019-05-21 12:41:36] local.INFO: laravel.log
[2019-05-21 12:41:36] local.INFO: [2019-05-21 12:35:41] local.INFO: laravel.log
[2019-05-21 12:35:41] local.INFO: Resource id #287


[2019-05-21 12:41:27] local.INFO: D:\prg\PortalAnzali\public/logs/1/dadam.txt
[2019-05-21 12:41:27] local.INFO: dadam.txt
[2019-05-21 12:41:27] local.INFO: ﻿پایه و اساس طراحی خوب، توسط هرکسی می‌تواند یاد گرفته شود. در این راهنما ما دانش اولیه و نکته‌های کاربردی برای طراحی مناسب را مطرح خواهیم کرد.
[2019-05-21 12:41:36] local.INFO: D:\prg\PortalAnzali\public/logs/1/laravel.log
[2019-05-21 12:41:36] local.INFO: laravel.log
[2019-05-21 12:41:36] local.INFO: [2019-05-21 12:35:41] local.INFO: laravel.log
[2019-05-21 12:35:41] local.INFO: Resource id #287


[2019-05-21 12:41:27] local.INFO: D:\prg\PortalAnzali\public/logs/1/dadam.txt
[2019-05-21 12:41:27] local.INFO: dadam.txt
[2019-05-21 12:41:27] local.INFO: ﻿پایه و اساس طراحی خوب، توسط هرکسی می‌تواند یاد گرفته شود. در این راهنما ما دانش اولیه و نکته‌های کاربردی برای طراحی مناسب را مطرح خواهیم کرد.
[2019-05-21 12:41:36] local.INFO: D:\prg\PortalAnzali\public/logs/1/laravel.log
[2019-05-21 12:41:36] local.INFO: laravel.log
[2019-05-21 12:41:36] local.INFO: [2019-05-21 12:35:41] local.INFO: laravel.log
[2019-05-21 12:35:41] local.INFO: Resource id #287


[2019-05-21 12:41:27] local.INFO: D:\prg\PortalAnzali\public/logs/1/dadam.txt
[2019-05-21 12:41:27] local.INFO: dadam.txt
[2019-05-21 12:41:27] local.INFO: ﻿پایه و اساس طراحی خوب، توسط هرکسی می‌تواند یاد گرفته شود. در این راهنما ما دانش اولیه و نکته‌های کاربردی برای طراحی مناسب را مطرح خواهیم کرد.
[2019-05-21 12:41:36] local.INFO: D:\prg\PortalAnzali\public/logs/1/laravel.log
[2019-05-21 12:41:36] local.INFO: laravel.log
[2019-05-21 12:41:36] local.INFO: [2019-05-21 12:35:41] local.INFO: laravel.log
[2019-05-21 12:35:41] local.INFO: Resource id #287


[2019-05-21 12:41:27] local.INFO: D:\prg\PortalAnzali\public/logs/1/dadam.txt
[2019-05-21 12:41:27] local.INFO: dadam.txt
[2019-05-21 12:41:27] local.INFO: ﻿پایه و اساس طراحی خوب، توسط هرکسی می‌تواند یاد گرفته شود. در این راهنما ما دانش اولیه و نکته‌های کاربردی برای طراحی مناسب را مطرح خواهیم کرد.
[2019-05-21 12:41:36] local.INFO: D:\prg\PortalAnzali\public/logs/1/laravel.log
[2019-05-21 12:41:36] local.INFO: laravel.log
[2019-05-21 12:41:36] local.INFO: [2019-05-21 12:35:41] local.INFO: laravel.log
[2019-05-21 12:35:41] local.INFO: Resource id #287


[2019-05-21 12:41:27] local.INFO: D:\prg\PortalAnzali\public/logs/1/dadam.txt
[2019-05-21 12:41:27] local.INFO: dadam.txt
[2019-05-21 12:41:27] local.INFO: ﻿پایه و اساس طراحی خوب، توسط هرکسی می‌تواند یاد گرفته شود. در این راهنما ما دانش اولیه و نکته‌های کاربردی برای طراحی مناسب را مطرح خواهیم کرد.
[2019-05-21 12:41:36] local.INFO: D:\prg\PortalAnzali\public/logs/1/laravel.log
[2019-05-21 12:41:36] local.INFO: laravel.log
[2019-05-21 12:41:36] local.INFO: [2019-05-21 12:35:41] local.INFO: laravel.log
[2019-05-21 12:35:41] local.INFO: Resource id #287

